Action1.c(75): No. of Passengers 1 билета = 0
Action1.c(76): Информация о билете: = 8am : Flight 610 leaves San Francisco  for Frankfurt
Action1.c(77):  
Action1.c(79): No. of Passengers 2 билета = 3
Action1.c(80): Информация о билете: = 8am : Flight 090 leaves Denver  for Zurich
Action1.c(81):  
Action1.c(83): No. of Passengers 3 билета = 3
Action1.c(84): Информация о билете: = 8am : Flight 030 leaves Denver  for Los Angeles
Action1.c(85):  
Action1.c(87): No. of Passengers 4 билета = 4
Action1.c(88): Информация о билете: = 8am : Flight 070 leaves Denver  for Seattle
Action1.c(89):  
Action1.c(91): No. of Passengers 5 билета = 5
Action1.c(92): Информация о билете: = 8am : Flight 010 leaves Denver  for Frankfurt
Action1.c(93):  
Action1.c(95): No. of Passengers 6 билета = 7
Action1.c(96): Информация о билете: = 8am : Flight 410 leaves Paris  for Frankfurt
Action1.c(97):  
Action1.c(99): No. of Passengers 7 билета = 7
Action1.c(100): Информация о билете: = 8am : Flight 050 leaves Denver  for Portland
Action1.c(101):  
Action1.c(103): No. of Passengers 8 билета = 8
Action1.c(104): Информация о билете: = 8am : Flight 870 leaves Sydney  for Seattle
Action1.c(105):  
Action1.c(107): No. of Passengers 9 билета = 8
Action1.c(108): Информация о билете: = 8am : Flight 870 leaves Sydney  for Seattle
Action1.c(109):  
Action1.c(111): No. of Passengers 10 билета = 8
Action1.c(112): Информация о билете: = 8am : Flight 890 leaves Sydney  for Zurich
